<?xml version="1.0" encoding="UTF-8"?>
<!-- Generated by org.testng.reporters.JUnitReportReporter -->
<testsuite hostname="EPINGUGW04C7" name="org.example.MyFunctionalityTest" tests="9" failures="0" timestamp="3 Apr 2024 08:16:37 GMT" time="0.009" errors="0">
  <testcase name="testAdditionData" time="0.007" classname="org.example.MyFunctionalityTest"/>
  <testcase name="testMultiplicationNegative" time="0.000" classname="org.example.MyFunctionalityTest"/>
  <testcase name="testMultiplicationPositive" time="0.000" classname="org.example.MyFunctionalityTest"/>
  <testcase name="testSubtractionNegative" time="0.000" classname="org.example.MyFunctionalityTest"/>
  <testcase name="testAdditionNegative" time="0.000" classname="org.example.MyFunctionalityTest"/>
  <testcase name="testSubtractionPositive" time="0.001" classname="org.example.MyFunctionalityTest"/>
  <testcase name="testAdditionPositive" time="0.000" classname="org.example.MyFunctionalityTest"/>
  <testcase name="testDivisionByZero" time="0.001" classname="org.example.MyFunctionalityTest"/>
  <testcase name="testDivisionPositive" time="0.000" classname="org.example.MyFunctionalityTest"/>
</testsuite> <!-- org.example.MyFunctionalityTest -->
